2016-07-27 09:08:35: * HTML REWRITE FOR PICTUREFILL
2016-07-27 09:24:20: * HTML REWRITE FOR PICTUREFILL
2016-07-27 09:32:23: * HTML REWRITE FOR PICTUREFILL
2016-07-27 09:36:17: * HTML REWRITE FOR PICTUREFILL
2016-07-27 14:45:09: * HTML REWRITE FOR PICTUREFILL
2016-07-27 15:04:12: * HTML REWRITE FOR PICTUREFILL
2016-07-27 15:25:36: * HTML REWRITE FOR PICTUREFILL
2016-07-27 15:30:07: * HTML REWRITE FOR PICTUREFILL
2016-07-27 15:30:07: Retina file at '/nas/content/live/bridgetown/wp-content/uploads/2016/01/total_church-218x300@2x.jpg' does not exist.
2016-07-27 15:30:07: Retina file at '/nas/content/live/bridgetown/wp-content/uploads/2016/01/total_church@2x.jpg' does not exist.
2016-07-27 15:30:07: WP's srcset: 0 retina files added out of 2 image sizes
2016-07-27 15:30:07: Retina file at '/nas/content/live/bridgetown/wp-content/uploads/2016/01/meal_with_jesus-218x300@2x.jpg' does not exist.
2016-07-27 15:30:07: Retina file at '/nas/content/live/bridgetown/wp-content/uploads/2016/01/meal_with_jesus@2x.jpg' does not exist.
2016-07-27 15:30:07: WP's srcset: 0 retina files added out of 2 image sizes
2016-07-27 15:30:07: Retina file at '/nas/content/live/bridgetown/wp-content/uploads/2016/01/total_church-218x300@2x.jpg' does not exist.
2016-07-27 15:30:07: Retina file at '/nas/content/live/bridgetown/wp-content/uploads/2016/01/total_church@2x.jpg' does not exist.
2016-07-27 15:30:07: WP's srcset: 0 retina files added out of 2 image sizes
2016-07-27 15:30:07: Retina file at '/nas/content/live/bridgetown/wp-content/uploads/2016/01/meal_with_jesus-218x300@2x.jpg' does not exist.
2016-07-27 15:30:07: Retina file at '/nas/content/live/bridgetown/wp-content/uploads/2016/01/meal_with_jesus@2x.jpg' does not exist.
2016-07-27 15:30:07: WP's srcset: 0 retina files added out of 2 image sizes
2016-07-27 15:30:07: Retina file at '/nas/content/live/bridgetown/wp-content/uploads/2016/01/meal_with_jesus-218x300@2x.jpg' does not exist.
2016-07-27 15:30:07: Retina file at '/nas/content/live/bridgetown/wp-content/uploads/2016/01/meal_with_jesus@2x.jpg' does not exist.
2016-07-27 15:30:07: WP's srcset: 0 retina files added out of 2 image sizes
2016-07-27 15:30:07: Retina file at '/nas/content/live/bridgetown/wp-content/uploads/2016/01/total_church-218x300@2x.jpg' does not exist.
2016-07-27 15:30:07: Retina file at '/nas/content/live/bridgetown/wp-content/uploads/2016/01/total_church@2x.jpg' does not exist.
2016-07-27 15:30:07: WP's srcset: 0 retina files added out of 2 image sizes
2016-07-27 15:30:07: Retina file at '/nas/content/live/bridgetown/wp-content/uploads/2016/01/meal_with_jesus-218x300@2x.jpg' does not exist.
2016-07-27 15:30:07: Retina file at '/nas/content/live/bridgetown/wp-content/uploads/2016/01/meal_with_jesus@2x.jpg' does not exist.
2016-07-27 15:30:07: WP's srcset: 0 retina files added out of 2 image sizes
2016-07-27 15:30:07: Retina file at '/nas/content/live/bridgetown/wp-content/uploads/2016/01/meal_with_jesus-218x300@2x.jpg' does not exist.
2016-07-27 15:30:07: Retina file at '/nas/content/live/bridgetown/wp-content/uploads/2016/01/meal_with_jesus@2x.jpg' does not exist.
2016-07-27 15:30:07: WP's srcset: 0 retina files added out of 2 image sizes
2016-07-27 15:30:07: Retina file at '/nas/content/live/bridgetown/wp-content/uploads/2016/01/meal_with_jesus-218x300@2x.jpg' does not exist.
2016-07-27 15:30:07: Retina file at '/nas/content/live/bridgetown/wp-content/uploads/2016/01/meal_with_jesus@2x.jpg' does not exist.
2016-07-27 15:30:07: WP's srcset: 0 retina files added out of 2 image sizes
2016-07-27 15:30:07: Retina file at '/nas/content/live/bridgetown/wp-content/uploads/2016/01/total_church-218x300@2x.jpg' does not exist.
2016-07-27 15:30:07: Retina file at '/nas/content/live/bridgetown/wp-content/uploads/2016/01/total_church@2x.jpg' does not exist.
2016-07-27 15:30:07: WP's srcset: 0 retina files added out of 2 image sizes
2016-07-27 15:30:07: Retina file at '/nas/content/live/bridgetown/wp-content/uploads/2016/01/meal_with_jesus-218x300@2x.jpg' does not exist.
2016-07-27 15:30:07: Retina file at '/nas/content/live/bridgetown/wp-content/uploads/2016/01/meal_with_jesus@2x.jpg' does not exist.
2016-07-27 15:30:07: WP's srcset: 0 retina files added out of 2 image sizes
2016-07-27 15:30:07: Retina file at '/nas/content/live/bridgetown/wp-content/uploads/2016/01/meal_with_jesus-218x300@2x.jpg' does not exist.
2016-07-27 15:30:07: Retina file at '/nas/content/live/bridgetown/wp-content/uploads/2016/01/meal_with_jesus@2x.jpg' does not exist.
2016-07-27 15:30:07: WP's srcset: 0 retina files added out of 2 image sizes
2016-07-27 15:30:07: Retina file at '/nas/content/live/bridgetown/wp-content/uploads/2016/01/garden_city-218x300@2x.jpg' does not exist.
2016-07-27 15:30:08: Retina file at '/nas/content/live/bridgetown/wp-content/uploads/2016/01/garden_city@2x.jpg' does not exist.
2016-07-27 15:30:08: WP's srcset: 0 retina files added out of 2 image sizes
2016-07-27 15:30:08: Retina file at '/nas/content/live/bridgetown/wp-content/uploads/2016/01/meal_with_jesus-218x300@2x.jpg' does not exist.
2016-07-27 15:30:08: Retina file at '/nas/content/live/bridgetown/wp-content/uploads/2016/01/meal_with_jesus@2x.jpg' does not exist.
2016-07-27 15:30:08: WP's srcset: 0 retina files added out of 2 image sizes
2016-07-27 15:30:08: Retina file at '/nas/content/live/bridgetown/wp-content/uploads/2016/01/meal_with_jesus-218x300@2x.jpg' does not exist.
2016-07-27 15:30:08: Retina file at '/nas/content/live/bridgetown/wp-content/uploads/2016/01/meal_with_jesus@2x.jpg' does not exist.
2016-07-27 15:30:08: WP's srcset: 0 retina files added out of 2 image sizes
2016-07-27 15:30:08: Retina file at '/nas/content/live/bridgetown/wp-content/uploads/2016/01/total_church-218x300@2x.jpg' does not exist.
2016-07-27 15:30:08: Retina file at '/nas/content/live/bridgetown/wp-content/uploads/2016/01/total_church@2x.jpg' does not exist.
2016-07-27 15:30:08: WP's srcset: 0 retina files added out of 2 image sizes
2016-07-27 15:30:08: Retina file at '/nas/content/live/bridgetown/wp-content/uploads/2016/01/total_church-218x300@2x.jpg' does not exist.
2016-07-27 15:30:08: Retina file at '/nas/content/live/bridgetown/wp-content/uploads/2016/01/total_church@2x.jpg' does not exist.
2016-07-27 15:30:08: WP's srcset: 0 retina files added out of 2 image sizes
2016-07-27 15:30:08: Retina file at '/nas/content/live/bridgetown/wp-content/uploads/2016/01/garden_city-218x300@2x.jpg' does not exist.
2016-07-27 15:30:08: Retina file at '/nas/content/live/bridgetown/wp-content/uploads/2016/01/garden_city@2x.jpg' does not exist.
2016-07-27 15:30:08: WP's srcset: 0 retina files added out of 2 image sizes
2016-07-27 15:30:08: Retina file at '/nas/content/live/bridgetown/wp-content/uploads/2016/01/meal_with_jesus@2x.jpg' does not exist.
2016-07-27 15:30:08: Retina file at '/nas/content/live/bridgetown/wp-content/uploads/2016/01/meal_with_jesus-218x300@2x.jpg' does not exist.
2016-07-27 15:30:08: WP's srcset: 0 retina files added out of 2 image sizes
2016-07-27 15:30:08: Retina file at '/nas/content/live/bridgetown/wp-content/uploads/2016/01/total_church-218x300@2x.jpg' does not exist.
2016-07-27 15:30:08: Retina file at '/nas/content/live/bridgetown/wp-content/uploads/2016/01/total_church@2x.jpg' does not exist.
2016-07-27 15:30:08: WP's srcset: 0 retina files added out of 2 image sizes
2016-07-27 15:30:08: Retina file at '/nas/content/live/bridgetown/wp-content/uploads/2016/01/garden_city@2x.jpg' does not exist.
2016-07-27 15:30:08: Retina file at '/nas/content/live/bridgetown/wp-content/uploads/2016/01/garden_city-218x300@2x.jpg' does not exist.
2016-07-27 15:30:08: WP's srcset: 0 retina files added out of 2 image sizes
2016-07-27 15:30:08: Retina file at '/nas/content/live/bridgetown/wp-content/uploads/2016/01/loveology@2x.jpg' does not exist.
2016-07-27 15:30:08: Retina file at '/nas/content/live/bridgetown/wp-content/uploads/2016/01/loveology-218x300@2x.jpg' does not exist.
2016-07-27 15:30:08: WP's srcset: 0 retina files added out of 2 image sizes
2016-07-27 15:30:08: Retina file at '/nas/content/live/bridgetown/wp-content/uploads/2016/01/my_name@2x.jpg' does not exist.
2016-07-27 15:30:08: Retina file at '/nas/content/live/bridgetown/wp-content/uploads/2016/01/my_name-218x300@2x.jpg' does not exist.
2016-07-27 15:30:08: WP's srcset: 0 retina files added out of 2 image sizes
2016-07-27 15:30:08: Retina file at '/nas/content/live/bridgetown/wp-content/uploads/2016/01/total_church-218x300@2x.jpg' does not exist.
2016-07-27 15:30:08: Retina file at '/nas/content/live/bridgetown/wp-content/uploads/2016/01/total_church@2x.jpg' does not exist.
2016-07-27 15:30:08: WP's srcset: 0 retina files added out of 2 image sizes
2016-07-27 15:30:08: Retina file at '/nas/content/live/bridgetown/wp-content/uploads/2016/01/with-218x300@2x.jpg' does not exist.
2016-07-27 15:30:08: Retina file at '/nas/content/live/bridgetown/wp-content/uploads/2016/01/with@2x.jpg' does not exist.
2016-07-27 15:30:08: WP's srcset: 0 retina files added out of 2 image sizes
2016-07-27 15:30:08: Retina file at '/nas/content/live/bridgetown/wp-content/uploads/2016/01/the_sabbath@2x.jpg' does not exist.
2016-07-27 15:30:08: Retina file at '/nas/content/live/bridgetown/wp-content/uploads/2016/01/the_sabbath-218x300@2x.jpg' does not exist.
2016-07-27 15:30:08: WP's srcset: 0 retina files added out of 2 image sizes
2016-07-27 15:30:08: Retina file at '/nas/content/live/bridgetown/wp-content/uploads/2016/01/with@2x.jpg' does not exist.
2016-07-27 15:30:08: Retina file at '/nas/content/live/bridgetown/wp-content/uploads/2016/01/with-218x300@2x.jpg' does not exist.
2016-07-27 15:30:08: WP's srcset: 0 retina files added out of 2 image sizes
2016-07-27 15:30:08: Retina file at '/nas/content/live/bridgetown/wp-content/uploads/2016/01/generous_justice@2x.jpg' does not exist.
2016-07-27 15:30:08: Retina file at '/nas/content/live/bridgetown/wp-content/uploads/2016/01/generous_justice-218x300@2x.jpg' does not exist.
2016-07-27 15:30:08: WP's srcset: 0 retina files added out of 2 image sizes
2016-07-27 15:30:08: Retina file at '/nas/content/live/bridgetown/wp-content/uploads/2016/01/total_church-218x300@2x.jpg' does not exist.
2016-07-27 15:30:08: Retina file at '/nas/content/live/bridgetown/wp-content/uploads/2016/01/total_church@2x.jpg' does not exist.
2016-07-27 15:30:08: WP's srcset: 0 retina files added out of 2 image sizes
2016-07-27 15:30:08: Retina file at '/nas/content/live/bridgetown/wp-content/uploads/2016/01/emotionally_healthy_church-218x300@2x.jpg' does not exist.
2016-07-27 15:30:08: Retina file at '/nas/content/live/bridgetown/wp-content/uploads/2016/01/emotionally_healthy_church@2x.jpg' does not exist.
2016-07-27 15:30:08: WP's srcset: 0 retina files added out of 2 image sizes
2016-07-27 15:30:08: Retina file at '/nas/content/live/bridgetown/wp-content/uploads/2016/01/with-218x300@2x.jpg' does not exist.
2016-07-27 15:30:08: Retina file at '/nas/content/live/bridgetown/wp-content/uploads/2016/01/with@2x.jpg' does not exist.
2016-07-27 15:30:08: WP's srcset: 0 retina files added out of 2 image sizes
2016-07-27 15:30:08: Retina file at '/nas/content/live/bridgetown/wp-content/uploads/2016/01/total_church-218x300@2x.jpg' does not exist.
2016-07-27 15:30:08: Retina file at '/nas/content/live/bridgetown/wp-content/uploads/2016/01/total_church@2x.jpg' does not exist.
2016-07-27 15:30:08: WP's srcset: 0 retina files added out of 2 image sizes
2016-07-27 15:30:08: Retina file at '/nas/content/live/bridgetown/wp-content/uploads/2016/01/sacred_roots-218x300@2x.jpg' does not exist.
2016-07-27 15:30:08: Retina file at '/nas/content/live/bridgetown/wp-content/uploads/2016/01/sacred_roots@2x.jpg' does not exist.
2016-07-27 15:30:08: WP's srcset: 0 retina files added out of 2 image sizes
2016-07-27 15:30:08: Retina file at '/nas/content/live/bridgetown/wp-content/uploads/2016/01/emotionally_healthy_church-218x300@2x.jpg' does not exist.
2016-07-27 15:30:08: Retina file at '/nas/content/live/bridgetown/wp-content/uploads/2016/01/emotionally_healthy_church@2x.jpg' does not exist.
2016-07-27 15:30:08: WP's srcset: 0 retina files added out of 2 image sizes
2016-07-27 15:30:08: Retina file at '/nas/content/live/bridgetown/wp-content/uploads/2016/01/emotionally_healthy_church-218x300@2x.jpg' does not exist.
2016-07-27 15:30:08: Retina file at '/nas/content/live/bridgetown/wp-content/uploads/2016/01/emotionally_healthy_church@2x.jpg' does not exist.
2016-07-27 15:30:08: WP's srcset: 0 retina files added out of 2 image sizes
2016-07-27 15:30:08: Retina file at '/nas/content/live/bridgetown/wp-content/uploads/2016/01/divine_conspiracy@2x.jpg' does not exist.
2016-07-27 15:30:08: Retina file at '/nas/content/live/bridgetown/wp-content/uploads/2016/01/divine_conspiracy-218x300@2x.jpg' does not exist.
2016-07-27 15:30:08: WP's srcset: 0 retina files added out of 2 image sizes
2016-07-27 15:30:08: Retina file at '/nas/content/live/bridgetown/wp-content/uploads/2016/01/emotionally_healthy_church-218x300@2x.jpg' does not exist.
2016-07-27 15:30:08: Retina file at '/nas/content/live/bridgetown/wp-content/uploads/2016/01/emotionally_healthy_church@2x.jpg' does not exist.
2016-07-27 15:30:08: WP's srcset: 0 retina files added out of 2 image sizes
2016-07-27 15:30:08: Retina file at '/nas/content/live/bridgetown/wp-content/uploads/2016/01/with-218x300@2x.jpg' does not exist.
2016-07-27 15:30:08: Retina file at '/nas/content/live/bridgetown/wp-content/uploads/2016/01/with@2x.jpg' does not exist.
2016-07-27 15:30:08: WP's srcset: 0 retina files added out of 2 image sizes
2016-07-27 15:30:08: Retina file at '/nas/content/live/bridgetown/wp-content/uploads/2016/01/emotionally_healthy_church-218x300@2x.jpg' does not exist.
2016-07-27 15:30:08: Retina file at '/nas/content/live/bridgetown/wp-content/uploads/2016/01/emotionally_healthy_church@2x.jpg' does not exist.
2016-07-27 15:30:08: WP's srcset: 0 retina files added out of 2 image sizes
2016-07-27 15:30:08: Retina file at '/nas/content/live/bridgetown/wp-content/uploads/2016/01/surprised_by_hope-218x300@2x.jpg' does not exist.
2016-07-27 15:30:08: Retina file at '/nas/content/live/bridgetown/wp-content/uploads/2016/01/surprised_by_hope@2x.jpg' does not exist.
2016-07-27 15:30:08: WP's srcset: 0 retina files added out of 2 image sizes
2016-07-27 15:30:08: Retina file at '/nas/content/live/bridgetown/wp-content/uploads/2016/01/loveology-218x300@2x.jpg' does not exist.
2016-07-27 15:30:08: Retina file at '/nas/content/live/bridgetown/wp-content/uploads/2016/01/loveology@2x.jpg' does not exist.
2016-07-27 15:30:08: WP's srcset: 0 retina files added out of 2 image sizes
2016-07-27 15:30:08: Retina file at '/nas/content/live/bridgetown/wp-content/uploads/2016/01/the_sabbath-218x300@2x.jpg' does not exist.
2016-07-27 15:30:08: Retina file at '/nas/content/live/bridgetown/wp-content/uploads/2016/01/the_sabbath@2x.jpg' does not exist.
2016-07-27 15:30:08: WP's srcset: 0 retina files added out of 2 image sizes
2016-07-27 15:30:08: Retina file at '/nas/content/live/bridgetown/wp-content/uploads/2016/01/my_name-218x300@2x.jpg' does not exist.
2016-07-27 15:30:08: Retina file at '/nas/content/live/bridgetown/wp-content/uploads/2016/01/my_name@2x.jpg' does not exist.
2016-07-27 15:30:08: WP's srcset: 0 retina files added out of 2 image sizes
2016-07-27 15:57:05: * HTML REWRITE FOR PICTUREFILL
2016-07-27 16:20:34: * HTML REWRITE FOR PICTUREFILL
2016-07-27 16:30:18: * HTML REWRITE FOR PICTUREFILL
2016-07-27 16:42:56: * HTML REWRITE FOR PICTUREFILL
2016-07-27 16:43:00: * HTML REWRITE FOR PICTUREFILL
2016-07-27 16:44:03: * HTML REWRITE FOR PICTUREFILL
2016-07-27 16:50:37: * HTML REWRITE FOR PICTUREFILL
2016-07-27 16:51:19: * HTML REWRITE FOR PICTUREFILL
2016-07-27 16:51:54: * HTML REWRITE FOR PICTUREFILL
2016-07-27 16:53:05: * HTML REWRITE FOR PICTUREFILL
2016-07-27 16:54:02: * HTML REWRITE FOR PICTUREFILL
2016-07-27 16:54:08: * HTML REWRITE FOR PICTUREFILL
2016-07-27 16:57:40: * HTML REWRITE FOR PICTUREFILL
2016-07-27 16:58:03: * HTML REWRITE FOR PICTUREFILL
2016-07-27 17:06:17: * HTML REWRITE FOR PICTUREFILL
2016-07-27 17:31:18: * HTML REWRITE FOR PICTUREFILL
2016-07-27 17:53:33: * HTML REWRITE FOR PICTUREFILL
2016-07-27 17:54:08: * HTML REWRITE FOR PICTUREFILL
2016-07-27 18:12:15: * HTML REWRITE FOR PICTUREFILL
2016-07-27 18:17:06: * HTML REWRITE FOR PICTUREFILL
2016-07-27 19:08:48: * HTML REWRITE FOR PICTUREFILL
2016-07-27 19:08:48: * HTML REWRITE FOR PICTUREFILL
2016-07-27 19:39:06: * HTML REWRITE FOR PICTUREFILL
2016-07-27 19:54:22: * HTML REWRITE FOR PICTUREFILL
2016-07-27 20:34:01: * HTML REWRITE FOR PICTUREFILL
2016-07-27 21:14:57: * HTML REWRITE FOR PICTUREFILL
2016-07-27 21:22:55: * HTML REWRITE FOR PICTUREFILL
2016-07-27 21:57:49: * HTML REWRITE FOR PICTUREFILL
2016-07-27 21:57:57: * HTML REWRITE FOR PICTUREFILL
2016-07-27 22:00:19: * HTML REWRITE FOR PICTUREFILL
2016-07-27 22:01:18: * HTML REWRITE FOR PICTUREFILL
2016-07-27 22:02:21: * HTML REWRITE FOR PICTUREFILL
2016-07-27 22:02:53: * HTML REWRITE FOR PICTUREFILL
2016-07-27 22:07:21: * HTML REWRITE FOR PICTUREFILL
2016-07-27 22:07:28: * HTML REWRITE FOR PICTUREFILL
2016-07-27 22:08:04: * HTML REWRITE FOR PICTUREFILL
2016-07-27 22:08:21: * HTML REWRITE FOR PICTUREFILL
2016-07-27 22:09:10: * HTML REWRITE FOR PICTUREFILL
2016-07-27 22:09:26: * HTML REWRITE FOR PICTUREFILL
2016-07-27 22:09:39: * HTML REWRITE FOR PICTUREFILL
2016-07-27 22:09:40: * HTML REWRITE FOR PICTUREFILL
2016-07-27 22:09:43: * HTML REWRITE FOR PICTUREFILL
2016-07-27 22:09:58: * HTML REWRITE FOR PICTUREFILL
2016-07-27 22:09:59: * HTML REWRITE FOR PICTUREFILL
2016-07-27 22:10:10: * HTML REWRITE FOR PICTUREFILL
2016-07-27 22:21:33: * HTML REWRITE FOR PICTUREFILL
2016-07-27 22:54:01: * HTML REWRITE FOR PICTUREFILL
2016-07-27 22:55:16: * HTML REWRITE FOR PICTUREFILL
2016-07-27 22:55:55: * HTML REWRITE FOR PICTUREFILL
2016-07-27 22:58:42: * HTML REWRITE FOR PICTUREFILL
2016-07-27 23:02:50: * HTML REWRITE FOR PICTUREFILL
2016-07-28 00:08:25: * HTML REWRITE FOR PICTUREFILL
2016-07-28 00:18:25: * HTML REWRITE FOR PICTUREFILL
2016-07-28 02:08:37: * HTML REWRITE FOR PICTUREFILL
2016-07-28 14:19:55: * HTML REWRITE FOR PICTUREFILL
2016-07-28 14:34:59: * HTML REWRITE FOR PICTUREFILL
2016-07-28 14:37:34: * HTML REWRITE FOR PICTUREFILL
2016-07-28 14:38:36: * HTML REWRITE FOR PICTUREFILL
2016-07-28 14:38:40: * HTML REWRITE FOR PICTUREFILL
2016-07-28 14:39:08: * HTML REWRITE FOR PICTUREFILL
2016-07-28 14:39:59: * HTML REWRITE FOR PICTUREFILL
2016-07-28 14:40:02: * HTML REWRITE FOR PICTUREFILL
2016-07-28 14:40:37: * HTML REWRITE FOR PICTUREFILL
2016-07-28 14:42:49: * HTML REWRITE FOR PICTUREFILL
2016-07-28 14:45:41: * HTML REWRITE FOR PICTUREFILL
2016-07-28 14:48:43: * HTML REWRITE FOR PICTUREFILL
2016-07-28 14:48:48: * HTML REWRITE FOR PICTUREFILL
2016-07-28 14:54:25: * HTML REWRITE FOR PICTUREFILL
2016-07-28 14:55:19: * HTML REWRITE FOR PICTUREFILL
2016-07-28 15:05:53: * HTML REWRITE FOR PICTUREFILL
2016-07-28 15:13:55: * HTML REWRITE FOR PICTUREFILL
2016-07-28 15:14:24: * HTML REWRITE FOR PICTUREFILL
2016-07-28 15:15:42: * HTML REWRITE FOR PICTUREFILL
2016-07-28 15:20:23: * HTML REWRITE FOR PICTUREFILL
2016-07-28 15:22:02: * HTML REWRITE FOR PICTUREFILL
2016-07-28 15:22:42: * HTML REWRITE FOR PICTUREFILL
2016-07-28 15:23:41: * HTML REWRITE FOR PICTUREFILL
2016-07-28 15:27:20: * HTML REWRITE FOR PICTUREFILL
2016-07-28 15:30:07: * HTML REWRITE FOR PICTUREFILL
2016-07-28 15:30:17: * HTML REWRITE FOR PICTUREFILL
2016-07-28 15:30:38: * HTML REWRITE FOR PICTUREFILL
2016-07-28 15:33:12: * HTML REWRITE FOR PICTUREFILL
2016-07-28 15:34:00: * HTML REWRITE FOR PICTUREFILL
2016-07-28 15:34:08: * HTML REWRITE FOR PICTUREFILL
2016-07-28 15:34:32: * HTML REWRITE FOR PICTUREFILL
2016-07-28 15:41:07: * HTML REWRITE FOR PICTUREFILL
2016-07-28 15:41:29: * HTML REWRITE FOR PICTUREFILL
2016-07-28 15:42:02: * HTML REWRITE FOR PICTUREFILL
2016-07-28 15:51:01: * HTML REWRITE FOR PICTUREFILL
2016-07-28 15:51:57: * HTML REWRITE FOR PICTUREFILL
2016-07-28 15:52:37: * HTML REWRITE FOR PICTUREFILL
2016-07-28 15:54:20: * HTML REWRITE FOR PICTUREFILL
2016-07-28 15:54:55: * HTML REWRITE FOR PICTUREFILL
2016-07-28 15:59:07: * HTML REWRITE FOR PICTUREFILL
2016-07-28 16:00:27: * HTML REWRITE FOR PICTUREFILL
2016-07-28 16:00:33: * HTML REWRITE FOR PICTUREFILL
2016-07-28 16:01:02: * HTML REWRITE FOR PICTUREFILL
2016-07-28 16:01:19: * HTML REWRITE FOR PICTUREFILL
2016-07-28 16:02:01: * HTML REWRITE FOR PICTUREFILL
2016-07-28 16:02:01: Retina file at '/nas/content/live/bridgetown/wp-content/uploads/2015/11/ajc_bt_christmas_2015_hero1-656x377@2x.jpg' does not exist.
2016-07-28 16:02:01: WP's srcset: 0 retina files added out of 1 image sizes
2016-07-28 16:02:02: * HTML REWRITE FOR PICTUREFILL
2016-07-28 16:02:02: Retina file at '/nas/content/live/bridgetown/wp-content/uploads/2015/11/ajc_bt_christmas_2015_hero1-656x377@2x.jpg' does not exist.
2016-07-28 16:02:02: WP's srcset: 0 retina files added out of 1 image sizes
2016-07-28 16:02:02: * HTML REWRITE FOR PICTUREFILL
2016-07-28 16:02:03: Retina file at '/nas/content/live/bridgetown/wp-content/uploads/2015/11/ajc_bt_christmas_2015_hero1-656x377@2x.jpg' does not exist.
2016-07-28 16:02:03: WP's srcset: 0 retina files added out of 1 image sizes
2016-07-28 16:02:04: * HTML REWRITE FOR PICTUREFILL
2016-07-28 16:02:04: Retina file at '/nas/content/live/bridgetown/wp-content/uploads/2015/11/ajc_bt_christmas_2015_hero1-656x377@2x.jpg' does not exist.
2016-07-28 16:02:04: WP's srcset: 0 retina files added out of 1 image sizes
2016-07-28 16:02:06: * HTML REWRITE FOR PICTUREFILL
2016-07-28 16:02:07: * HTML REWRITE FOR PICTUREFILL
2016-07-28 16:07:37: * HTML REWRITE FOR PICTUREFILL
2016-07-28 16:07:41: * HTML REWRITE FOR PICTUREFILL
2016-07-28 16:09:01: * HTML REWRITE FOR PICTUREFILL
2016-07-28 16:10:08: * HTML REWRITE FOR PICTUREFILL
2016-07-28 16:11:30: * HTML REWRITE FOR PICTUREFILL
2016-07-28 16:13:26: * HTML REWRITE FOR PICTUREFILL
2016-07-28 16:14:40: * HTML REWRITE FOR PICTUREFILL
2016-07-28 16:14:47: * HTML REWRITE FOR PICTUREFILL
2016-07-28 16:15:29: * HTML REWRITE FOR PICTUREFILL
2016-07-28 16:15:44: * HTML REWRITE FOR PICTUREFILL
2016-07-28 16:15:58: * HTML REWRITE FOR PICTUREFILL
2016-07-28 16:16:00: * HTML REWRITE FOR PICTUREFILL
2016-07-28 16:16:08: * HTML REWRITE FOR PICTUREFILL
2016-07-28 16:16:13: * HTML REWRITE FOR PICTUREFILL
2016-07-28 16:16:33: * HTML REWRITE FOR PICTUREFILL
2016-07-28 16:17:05: * HTML REWRITE FOR PICTUREFILL
2016-07-28 16:17:45: * HTML REWRITE FOR PICTUREFILL
2016-07-28 16:17:52: * HTML REWRITE FOR PICTUREFILL
2016-07-28 16:20:47: * HTML REWRITE FOR PICTUREFILL
2016-07-28 16:21:43: * HTML REWRITE FOR PICTUREFILL
2016-07-28 16:25:17: * HTML REWRITE FOR PICTUREFILL
2016-07-28 16:26:19: * HTML REWRITE FOR PICTUREFILL
2016-07-28 16:26:33: * HTML REWRITE FOR PICTUREFILL
2016-07-28 16:26:43: * HTML REWRITE FOR PICTUREFILL
2016-07-28 16:26:44: * HTML REWRITE FOR PICTUREFILL
2016-07-28 16:26:47: * HTML REWRITE FOR PICTUREFILL
2016-07-28 16:26:52: * HTML REWRITE FOR PICTUREFILL
2016-07-28 16:26:57: * HTML REWRITE FOR PICTUREFILL
2016-07-28 16:26:57: Retina file at '/nas/content/live/bridgetown/wp-content/uploads/2016/01/total_church-218x300@2x.jpg' does not exist.
2016-07-28 16:26:57: Retina file at '/nas/content/live/bridgetown/wp-content/uploads/2016/01/total_church@2x.jpg' does not exist.
2016-07-28 16:26:57: WP's srcset: 0 retina files added out of 2 image sizes
2016-07-28 16:26:57: Retina file at '/nas/content/live/bridgetown/wp-content/uploads/2016/01/meal_with_jesus-218x300@2x.jpg' does not exist.
2016-07-28 16:26:57: Retina file at '/nas/content/live/bridgetown/wp-content/uploads/2016/01/meal_with_jesus@2x.jpg' does not exist.
2016-07-28 16:26:57: WP's srcset: 0 retina files added out of 2 image sizes
2016-07-28 16:26:57: Retina file at '/nas/content/live/bridgetown/wp-content/uploads/2016/01/total_church-218x300@2x.jpg' does not exist.
2016-07-28 16:26:57: Retina file at '/nas/content/live/bridgetown/wp-content/uploads/2016/01/total_church@2x.jpg' does not exist.
2016-07-28 16:26:57: WP's srcset: 0 retina files added out of 2 image sizes
2016-07-28 16:26:57: Retina file at '/nas/content/live/bridgetown/wp-content/uploads/2016/01/meal_with_jesus-218x300@2x.jpg' does not exist.
2016-07-28 16:26:57: Retina file at '/nas/content/live/bridgetown/wp-content/uploads/2016/01/meal_with_jesus@2x.jpg' does not exist.
2016-07-28 16:26:57: WP's srcset: 0 retina files added out of 2 image sizes
2016-07-28 16:26:57: Retina file at '/nas/content/live/bridgetown/wp-content/uploads/2016/01/meal_with_jesus-218x300@2x.jpg' does not exist.
2016-07-28 16:26:57: Retina file at '/nas/content/live/bridgetown/wp-content/uploads/2016/01/meal_with_jesus@2x.jpg' does not exist.
2016-07-28 16:26:57: WP's srcset: 0 retina files added out of 2 image sizes
2016-07-28 16:26:57: Retina file at '/nas/content/live/bridgetown/wp-content/uploads/2016/01/total_church-218x300@2x.jpg' does not exist.
2016-07-28 16:26:57: Retina file at '/nas/content/live/bridgetown/wp-content/uploads/2016/01/total_church@2x.jpg' does not exist.
2016-07-28 16:26:57: WP's srcset: 0 retina files added out of 2 image sizes
2016-07-28 16:26:57: Retina file at '/nas/content/live/bridgetown/wp-content/uploads/2016/01/meal_with_jesus-218x300@2x.jpg' does not exist.
2016-07-28 16:26:57: Retina file at '/nas/content/live/bridgetown/wp-content/uploads/2016/01/meal_with_jesus@2x.jpg' does not exist.
2016-07-28 16:26:57: WP's srcset: 0 retina files added out of 2 image sizes
2016-07-28 16:26:57: Retina file at '/nas/content/live/bridgetown/wp-content/uploads/2016/01/meal_with_jesus-218x300@2x.jpg' does not exist.
2016-07-28 16:26:57: Retina file at '/nas/content/live/bridgetown/wp-content/uploads/2016/01/meal_with_jesus@2x.jpg' does not exist.
2016-07-28 16:26:57: WP's srcset: 0 retina files added out of 2 image sizes
2016-07-28 16:26:57: Retina file at '/nas/content/live/bridgetown/wp-content/uploads/2016/01/meal_with_jesus-218x300@2x.jpg' does not exist.
2016-07-28 16:26:57: Retina file at '/nas/content/live/bridgetown/wp-content/uploads/2016/01/meal_with_jesus@2x.jpg' does not exist.
2016-07-28 16:26:57: WP's srcset: 0 retina files added out of 2 image sizes
2016-07-28 16:26:57: Retina file at '/nas/content/live/bridgetown/wp-content/uploads/2016/01/total_church-218x300@2x.jpg' does not exist.
2016-07-28 16:26:57: Retina file at '/nas/content/live/bridgetown/wp-content/uploads/2016/01/total_church@2x.jpg' does not exist.
2016-07-28 16:26:57: WP's srcset: 0 retina files added out of 2 image sizes
2016-07-28 16:26:57: Retina file at '/nas/content/live/bridgetown/wp-content/uploads/2016/01/meal_with_jesus-218x300@2x.jpg' does not exist.
2016-07-28 16:26:57: Retina file at '/nas/content/live/bridgetown/wp-content/uploads/2016/01/meal_with_jesus@2x.jpg' does not exist.
2016-07-28 16:26:57: WP's srcset: 0 retina files added out of 2 image sizes
2016-07-28 16:26:57: Retina file at '/nas/content/live/bridgetown/wp-content/uploads/2016/01/meal_with_jesus-218x300@2x.jpg' does not exist.
2016-07-28 16:26:57: Retina file at '/nas/content/live/bridgetown/wp-content/uploads/2016/01/meal_with_jesus@2x.jpg' does not exist.
2016-07-28 16:26:57: WP's srcset: 0 retina files added out of 2 image sizes
2016-07-28 16:26:57: Retina file at '/nas/content/live/bridgetown/wp-content/uploads/2016/01/garden_city-218x300@2x.jpg' does not exist.
2016-07-28 16:26:57: Retina file at '/nas/content/live/bridgetown/wp-content/uploads/2016/01/garden_city@2x.jpg' does not exist.
2016-07-28 16:26:57: WP's srcset: 0 retina files added out of 2 image sizes
2016-07-28 16:26:57: Retina file at '/nas/content/live/bridgetown/wp-content/uploads/2016/01/meal_with_jesus-218x300@2x.jpg' does not exist.
2016-07-28 16:26:57: Retina file at '/nas/content/live/bridgetown/wp-content/uploads/2016/01/meal_with_jesus@2x.jpg' does not exist.
2016-07-28 16:26:57: WP's srcset: 0 retina files added out of 2 image sizes
2016-07-28 16:26:57: Retina file at '/nas/content/live/bridgetown/wp-content/uploads/2016/01/meal_with_jesus-218x300@2x.jpg' does not exist.
2016-07-28 16:26:57: Retina file at '/nas/content/live/bridgetown/wp-content/uploads/2016/01/meal_with_jesus@2x.jpg' does not exist.
2016-07-28 16:26:57: WP's srcset: 0 retina files added out of 2 image sizes
2016-07-28 16:26:57: Retina file at '/nas/content/live/bridgetown/wp-content/uploads/2016/01/total_church-218x300@2x.jpg' does not exist.
2016-07-28 16:26:57: Retina file at '/nas/content/live/bridgetown/wp-content/uploads/2016/01/total_church@2x.jpg' does not exist.
2016-07-28 16:26:57: WP's srcset: 0 retina files added out of 2 image sizes
2016-07-28 16:26:57: Retina file at '/nas/content/live/bridgetown/wp-content/uploads/2016/01/total_church-218x300@2x.jpg' does not exist.
2016-07-28 16:26:57: Retina file at '/nas/content/live/bridgetown/wp-content/uploads/2016/01/total_church@2x.jpg' does not exist.
2016-07-28 16:26:57: WP's srcset: 0 retina files added out of 2 image sizes
2016-07-28 16:26:57: Retina file at '/nas/content/live/bridgetown/wp-content/uploads/2016/01/garden_city-218x300@2x.jpg' does not exist.
2016-07-28 16:26:57: Retina file at '/nas/content/live/bridgetown/wp-content/uploads/2016/01/garden_city@2x.jpg' does not exist.
2016-07-28 16:26:57: WP's srcset: 0 retina files added out of 2 image sizes
2016-07-28 16:26:57: Retina file at '/nas/content/live/bridgetown/wp-content/uploads/2016/01/meal_with_jesus@2x.jpg' does not exist.
2016-07-28 16:26:57: Retina file at '/nas/content/live/bridgetown/wp-content/uploads/2016/01/meal_with_jesus-218x300@2x.jpg' does not exist.
2016-07-28 16:26:57: WP's srcset: 0 retina files added out of 2 image sizes
2016-07-28 16:26:57: Retina file at '/nas/content/live/bridgetown/wp-content/uploads/2016/01/total_church-218x300@2x.jpg' does not exist.
2016-07-28 16:26:57: Retina file at '/nas/content/live/bridgetown/wp-content/uploads/2016/01/total_church@2x.jpg' does not exist.
2016-07-28 16:26:57: WP's srcset: 0 retina files added out of 2 image sizes
2016-07-28 16:26:57: Retina file at '/nas/content/live/bridgetown/wp-content/uploads/2016/01/garden_city@2x.jpg' does not exist.
2016-07-28 16:26:57: Retina file at '/nas/content/live/bridgetown/wp-content/uploads/2016/01/garden_city-218x300@2x.jpg' does not exist.
2016-07-28 16:26:57: WP's srcset: 0 retina files added out of 2 image sizes
2016-07-28 16:26:57: Retina file at '/nas/content/live/bridgetown/wp-content/uploads/2016/01/loveology@2x.jpg' does not exist.
2016-07-28 16:26:57: Retina file at '/nas/content/live/bridgetown/wp-content/uploads/2016/01/loveology-218x300@2x.jpg' does not exist.
2016-07-28 16:26:57: WP's srcset: 0 retina files added out of 2 image sizes
2016-07-28 16:26:57: Retina file at '/nas/content/live/bridgetown/wp-content/uploads/2016/01/my_name@2x.jpg' does not exist.
2016-07-28 16:26:57: Retina file at '/nas/content/live/bridgetown/wp-content/uploads/2016/01/my_name-218x300@2x.jpg' does not exist.
2016-07-28 16:26:57: WP's srcset: 0 retina files added out of 2 image sizes
2016-07-28 16:26:57: Retina file at '/nas/content/live/bridgetown/wp-content/uploads/2016/01/total_church-218x300@2x.jpg' does not exist.
2016-07-28 16:26:57: Retina file at '/nas/content/live/bridgetown/wp-content/uploads/2016/01/total_church@2x.jpg' does not exist.
2016-07-28 16:26:57: WP's srcset: 0 retina files added out of 2 image sizes
2016-07-28 16:26:57: Retina file at '/nas/content/live/bridgetown/wp-content/uploads/2016/01/with-218x300@2x.jpg' does not exist.
2016-07-28 16:26:57: Retina file at '/nas/content/live/bridgetown/wp-content/uploads/2016/01/with@2x.jpg' does not exist.
2016-07-28 16:26:57: WP's srcset: 0 retina files added out of 2 image sizes
2016-07-28 16:26:57: Retina file at '/nas/content/live/bridgetown/wp-content/uploads/2016/01/the_sabbath@2x.jpg' does not exist.
2016-07-28 16:26:57: Retina file at '/nas/content/live/bridgetown/wp-content/uploads/2016/01/the_sabbath-218x300@2x.jpg' does not exist.
2016-07-28 16:26:57: WP's srcset: 0 retina files added out of 2 image sizes
2016-07-28 16:26:57: Retina file at '/nas/content/live/bridgetown/wp-content/uploads/2016/01/with@2x.jpg' does not exist.
2016-07-28 16:26:57: Retina file at '/nas/content/live/bridgetown/wp-content/uploads/2016/01/with-218x300@2x.jpg' does not exist.
2016-07-28 16:26:57: WP's srcset: 0 retina files added out of 2 image sizes
2016-07-28 16:26:57: Retina file at '/nas/content/live/bridgetown/wp-content/uploads/2016/01/generous_justice@2x.jpg' does not exist.
2016-07-28 16:26:57: Retina file at '/nas/content/live/bridgetown/wp-content/uploads/2016/01/generous_justice-218x300@2x.jpg' does not exist.
2016-07-28 16:26:57: WP's srcset: 0 retina files added out of 2 image sizes
2016-07-28 16:26:57: Retina file at '/nas/content/live/bridgetown/wp-content/uploads/2016/01/total_church-218x300@2x.jpg' does not exist.
2016-07-28 16:26:57: Retina file at '/nas/content/live/bridgetown/wp-content/uploads/2016/01/total_church@2x.jpg' does not exist.
2016-07-28 16:26:57: WP's srcset: 0 retina files added out of 2 image sizes
2016-07-28 16:26:57: Retina file at '/nas/content/live/bridgetown/wp-content/uploads/2016/01/emotionally_healthy_church-218x300@2x.jpg' does not exist.
2016-07-28 16:26:57: Retina file at '/nas/content/live/bridgetown/wp-content/uploads/2016/01/emotionally_healthy_church@2x.jpg' does not exist.
2016-07-28 16:26:57: WP's srcset: 0 retina files added out of 2 image sizes
2016-07-28 16:26:57: Retina file at '/nas/content/live/bridgetown/wp-content/uploads/2016/01/with-218x300@2x.jpg' does not exist.
2016-07-28 16:26:57: Retina file at '/nas/content/live/bridgetown/wp-content/uploads/2016/01/with@2x.jpg' does not exist.
2016-07-28 16:26:57: WP's srcset: 0 retina files added out of 2 image sizes
2016-07-28 16:26:57: Retina file at '/nas/content/live/bridgetown/wp-content/uploads/2016/01/total_church-218x300@2x.jpg' does not exist.
2016-07-28 16:26:57: Retina file at '/nas/content/live/bridgetown/wp-content/uploads/2016/01/total_church@2x.jpg' does not exist.
2016-07-28 16:26:57: WP's srcset: 0 retina files added out of 2 image sizes
2016-07-28 16:26:57: Retina file at '/nas/content/live/bridgetown/wp-content/uploads/2016/01/sacred_roots-218x300@2x.jpg' does not exist.
2016-07-28 16:26:57: Retina file at '/nas/content/live/bridgetown/wp-content/uploads/2016/01/sacred_roots@2x.jpg' does not exist.
2016-07-28 16:26:57: WP's srcset: 0 retina files added out of 2 image sizes
2016-07-28 16:26:57: Retina file at '/nas/content/live/bridgetown/wp-content/uploads/2016/01/emotionally_healthy_church-218x300@2x.jpg' does not exist.
2016-07-28 16:26:57: Retina file at '/nas/content/live/bridgetown/wp-content/uploads/2016/01/emotionally_healthy_church@2x.jpg' does not exist.
2016-07-28 16:26:57: WP's srcset: 0 retina files added out of 2 image sizes
2016-07-28 16:26:57: Retina file at '/nas/content/live/bridgetown/wp-content/uploads/2016/01/emotionally_healthy_church-218x300@2x.jpg' does not exist.
2016-07-28 16:26:57: Retina file at '/nas/content/live/bridgetown/wp-content/uploads/2016/01/emotionally_healthy_church@2x.jpg' does not exist.
2016-07-28 16:26:57: WP's srcset: 0 retina files added out of 2 image sizes
2016-07-28 16:26:57: Retina file at '/nas/content/live/bridgetown/wp-content/uploads/2016/01/divine_conspiracy@2x.jpg' does not exist.
2016-07-28 16:26:57: Retina file at '/nas/content/live/bridgetown/wp-content/uploads/2016/01/divine_conspiracy-218x300@2x.jpg' does not exist.
2016-07-28 16:26:57: WP's srcset: 0 retina files added out of 2 image sizes
2016-07-28 16:26:57: Retina file at '/nas/content/live/bridgetown/wp-content/uploads/2016/01/emotionally_healthy_church-218x300@2x.jpg' does not exist.
2016-07-28 16:26:57: Retina file at '/nas/content/live/bridgetown/wp-content/uploads/2016/01/emotionally_healthy_church@2x.jpg' does not exist.
2016-07-28 16:26:57: WP's srcset: 0 retina files added out of 2 image sizes
2016-07-28 16:26:57: Retina file at '/nas/content/live/bridgetown/wp-content/uploads/2016/01/with-218x300@2x.jpg' does not exist.
2016-07-28 16:26:57: Retina file at '/nas/content/live/bridgetown/wp-content/uploads/2016/01/with@2x.jpg' does not exist.
2016-07-28 16:26:57: WP's srcset: 0 retina files added out of 2 image sizes
2016-07-28 16:26:57: Retina file at '/nas/content/live/bridgetown/wp-content/uploads/2016/01/emotionally_healthy_church-218x300@2x.jpg' does not exist.
2016-07-28 16:26:57: Retina file at '/nas/content/live/bridgetown/wp-content/uploads/2016/01/emotionally_healthy_church@2x.jpg' does not exist.
2016-07-28 16:26:57: WP's srcset: 0 retina files added out of 2 image sizes
2016-07-28 16:26:57: Retina file at '/nas/content/live/bridgetown/wp-content/uploads/2016/01/surprised_by_hope-218x300@2x.jpg' does not exist.
2016-07-28 16:26:57: Retina file at '/nas/content/live/bridgetown/wp-content/uploads/2016/01/surprised_by_hope@2x.jpg' does not exist.
2016-07-28 16:26:57: WP's srcset: 0 retina files added out of 2 image sizes
2016-07-28 16:26:57: Retina file at '/nas/content/live/bridgetown/wp-content/uploads/2016/01/loveology-218x300@2x.jpg' does not exist.
2016-07-28 16:26:57: Retina file at '/nas/content/live/bridgetown/wp-content/uploads/2016/01/loveology@2x.jpg' does not exist.
2016-07-28 16:26:57: WP's srcset: 0 retina files added out of 2 image sizes
2016-07-28 16:26:57: Retina file at '/nas/content/live/bridgetown/wp-content/uploads/2016/01/the_sabbath-218x300@2x.jpg' does not exist.
2016-07-28 16:26:57: Retina file at '/nas/content/live/bridgetown/wp-content/uploads/2016/01/the_sabbath@2x.jpg' does not exist.
2016-07-28 16:26:57: WP's srcset: 0 retina files added out of 2 image sizes
2016-07-28 16:26:57: Retina file at '/nas/content/live/bridgetown/wp-content/uploads/2016/01/my_name-218x300@2x.jpg' does not exist.
2016-07-28 16:26:57: Retina file at '/nas/content/live/bridgetown/wp-content/uploads/2016/01/my_name@2x.jpg' does not exist.
2016-07-28 16:26:57: WP's srcset: 0 retina files added out of 2 image sizes
2016-07-28 16:27:45: * HTML REWRITE FOR PICTUREFILL
2016-07-28 16:28:39: * HTML REWRITE FOR PICTUREFILL
2016-07-28 16:35:46: * HTML REWRITE FOR PICTUREFILL
2016-07-28 16:36:32: * HTML REWRITE FOR PICTUREFILL
2016-07-28 16:43:24: * HTML REWRITE FOR PICTUREFILL
2016-07-28 16:44:54: * HTML REWRITE FOR PICTUREFILL
2016-07-28 16:50:13: * HTML REWRITE FOR PICTUREFILL
2016-07-28 16:51:54: * HTML REWRITE FOR PICTUREFILL
2016-07-28 16:53:31: * HTML REWRITE FOR PICTUREFILL
2016-07-28 16:54:39: * HTML REWRITE FOR PICTUREFILL
2016-07-28 16:55:20: * HTML REWRITE FOR PICTUREFILL
2016-07-28 16:56:21: * HTML REWRITE FOR PICTUREFILL
2016-07-28 16:58:17: * HTML REWRITE FOR PICTUREFILL
2016-07-28 16:59:12: * HTML REWRITE FOR PICTUREFILL
2016-07-28 17:00:01: * HTML REWRITE FOR PICTUREFILL
2016-07-28 17:00:20: * HTML REWRITE FOR PICTUREFILL
2016-07-28 17:00:27: * HTML REWRITE FOR PICTUREFILL
2016-07-28 17:00:27: * HTML REWRITE FOR PICTUREFILL
2016-07-28 17:00:27: * HTML REWRITE FOR PICTUREFILL
2016-07-28 17:02:18: * HTML REWRITE FOR PICTUREFILL
2016-07-28 17:02:31: * HTML REWRITE FOR PICTUREFILL
2016-07-28 17:02:56: * HTML REWRITE FOR PICTUREFILL
2016-07-28 17:03:15: * HTML REWRITE FOR PICTUREFILL
2016-07-28 17:04:11: * HTML REWRITE FOR PICTUREFILL
2016-07-28 17:04:52: * HTML REWRITE FOR PICTUREFILL
2016-07-28 17:09:14: * HTML REWRITE FOR PICTUREFILL
2016-07-28 17:10:00: * HTML REWRITE FOR PICTUREFILL
2016-07-28 17:10:04: * HTML REWRITE FOR PICTUREFILL
2016-07-28 17:11:17: * HTML REWRITE FOR PICTUREFILL
2016-07-28 17:13:09: * HTML REWRITE FOR PICTUREFILL
2016-07-28 17:13:28: * HTML REWRITE FOR PICTUREFILL
2016-07-28 17:13:49: * HTML REWRITE FOR PICTUREFILL
2016-07-28 17:14:56: * HTML REWRITE FOR PICTUREFILL
2016-07-28 17:15:11: * HTML REWRITE FOR PICTUREFILL
2016-07-28 17:25:29: * HTML REWRITE FOR PICTUREFILL
2016-07-28 17:26:21: * HTML REWRITE FOR PICTUREFILL
2016-07-28 17:26:27: * HTML REWRITE FOR PICTUREFILL
2016-07-28 17:26:41: * HTML REWRITE FOR PICTUREFILL
2016-07-28 17:26:47: * HTML REWRITE FOR PICTUREFILL
2016-07-28 17:29:18: * HTML REWRITE FOR PICTUREFILL
2016-07-28 17:29:28: * HTML REWRITE FOR PICTUREFILL
2016-07-28 17:30:36: * HTML REWRITE FOR PICTUREFILL
2016-07-28 17:31:42: * HTML REWRITE FOR PICTUREFILL
2016-07-28 17:49:38: * HTML REWRITE FOR PICTUREFILL
2016-07-28 17:49:40: * HTML REWRITE FOR PICTUREFILL
2016-07-28 17:50:10: * HTML REWRITE FOR PICTUREFILL
2016-07-28 17:50:35: * HTML REWRITE FOR PICTUREFILL
2016-07-28 17:51:45: * HTML REWRITE FOR PICTUREFILL
2016-07-28 17:52:12: * HTML REWRITE FOR PICTUREFILL
2016-07-28 17:58:29: * HTML REWRITE FOR PICTUREFILL
2016-07-28 18:01:38: * HTML REWRITE FOR PICTUREFILL
2016-07-28 18:02:25: * HTML REWRITE FOR PICTUREFILL
2016-07-28 18:03:51: * HTML REWRITE FOR PICTUREFILL
2016-07-28 18:06:45: * HTML REWRITE FOR PICTUREFILL
2016-07-28 18:09:52: * HTML REWRITE FOR PICTUREFILL
2016-07-28 18:10:58: * HTML REWRITE FOR PICTUREFILL
2016-07-28 18:11:08: * HTML REWRITE FOR PICTUREFILL
2016-07-28 18:13:12: * HTML REWRITE FOR PICTUREFILL
2016-07-28 18:13:20: * HTML REWRITE FOR PICTUREFILL
2016-07-28 18:13:31: * HTML REWRITE FOR PICTUREFILL
2016-07-28 18:14:59: * HTML REWRITE FOR PICTUREFILL
2016-07-28 18:16:33: * HTML REWRITE FOR PICTUREFILL
2016-07-28 18:18:56: * HTML REWRITE FOR PICTUREFILL
2016-07-28 18:19:51: * HTML REWRITE FOR PICTUREFILL
2016-07-28 18:24:54: * HTML REWRITE FOR PICTUREFILL
2016-07-28 18:26:56: * HTML REWRITE FOR PICTUREFILL
2016-07-28 18:27:25: * HTML REWRITE FOR PICTUREFILL
2016-07-28 18:29:17: * HTML REWRITE FOR PICTUREFILL
2016-07-28 18:29:21: * HTML REWRITE FOR PICTUREFILL
2016-07-28 18:29:30: * HTML REWRITE FOR PICTUREFILL
2016-07-28 18:30:52: * HTML REWRITE FOR PICTUREFILL
2016-07-28 18:31:19: * HTML REWRITE FOR PICTUREFILL
2016-07-28 18:31:38: * HTML REWRITE FOR PICTUREFILL
2016-07-28 18:33:10: * HTML REWRITE FOR PICTUREFILL
2016-07-28 18:35:42: * HTML REWRITE FOR PICTUREFILL
2016-07-28 18:35:45: * HTML REWRITE FOR PICTUREFILL
2016-07-28 18:36:08: * HTML REWRITE FOR PICTUREFILL
2016-07-28 18:41:51: * HTML REWRITE FOR PICTUREFILL
2016-07-28 18:42:57: * HTML REWRITE FOR PICTUREFILL
2016-07-28 18:44:27: * HTML REWRITE FOR PICTUREFILL
2016-07-28 19:00:45: * HTML REWRITE FOR PICTUREFILL
2016-07-28 19:03:02: * HTML REWRITE FOR PICTUREFILL
2016-07-28 19:06:45: * HTML REWRITE FOR PICTUREFILL
2016-07-28 19:07:49: * HTML REWRITE FOR PICTUREFILL
2016-07-28 19:10:42: * HTML REWRITE FOR PICTUREFILL
2016-07-28 19:14:31: * HTML REWRITE FOR PICTUREFILL
2016-07-28 19:24:36: * HTML REWRITE FOR PICTUREFILL
2016-07-28 19:25:04: * HTML REWRITE FOR PICTUREFILL
2016-07-28 19:26:14: * HTML REWRITE FOR PICTUREFILL
2016-07-28 19:33:09: * HTML REWRITE FOR PICTUREFILL
2016-07-28 19:33:33: * HTML REWRITE FOR PICTUREFILL
2016-07-28 19:33:41: * HTML REWRITE FOR PICTUREFILL
2016-07-28 19:34:29: * HTML REWRITE FOR PICTUREFILL
2016-07-28 19:34:45: * HTML REWRITE FOR PICTUREFILL
2016-07-28 19:35:09: * HTML REWRITE FOR PICTUREFILL
2016-07-28 19:38:38: * HTML REWRITE FOR PICTUREFILL
2016-07-28 19:39:22: * HTML REWRITE FOR PICTUREFILL
2016-07-28 19:46:04: * HTML REWRITE FOR PICTUREFILL
2016-07-28 19:53:14: * HTML REWRITE FOR PICTUREFILL
2016-07-28 20:01:50: * GENERATE RETINA FOR ATTACHMENT '2016/07/test.jpg'
2016-07-28 20:01:50: Full-Size is test.jpg.
2016-07-28 20:01:50: Retina for thumbnail created: '/nas/content/live/bridgetown/wp-content/uploads/2016/07/test-150x150@2x.jpg'.
2016-07-28 20:01:50: Retina for medium ignored (settings).
2016-07-28 20:01:50: Retina for medium_large ignored (settings).
2016-07-28 20:01:50: Retina for large ignored (settings).
2016-07-28 20:01:50: Retina for vibe-banner ignored (settings).
2016-07-28 20:01:50: Retina for hero-film ignored (settings).
2016-07-28 20:01:50: Retina for menu-tile ignored (settings).
2016-07-28 20:01:50: Retina for post-thumb ignored (settings).
2016-07-28 20:01:50: Retina for square-thumb ignored (settings).
2016-07-28 20:01:50: Retina for artwork-thumb ignored (settings).
2016-07-28 20:01:50: Retina for post-thumbnail ignored (settings).
2016-07-28 20:04:10: * HTML REWRITE FOR PICTUREFILL
2016-07-28 20:06:21: * GENERATE RETINA FOR ATTACHMENT '2016/07/desk.jpeg'
2016-07-28 20:06:21: Full-Size is desk.jpeg.
2016-07-28 20:06:21: Retina for thumbnail created: '/nas/content/live/bridgetown/wp-content/uploads/2016/07/desk-150x150@2x.jpeg'.
2016-07-28 20:06:21: Retina for medium ignored (settings).
2016-07-28 20:06:21: Retina for medium_large ignored (settings).
2016-07-28 20:06:21: Retina for large ignored (settings).
2016-07-28 20:06:21: Retina for post-thumbnail ignored (settings).
2016-07-28 20:06:57: * DELETE RETINA FOR ATTACHMENT '2014/03/47D78D0E-23A3-4FEF-B6B5-E91BDDF60D83.jpeg'
2016-07-28 20:08:01: * HTML REWRITE FOR PICTUREFILL
2016-07-28 20:08:01: 0/0 were replaced.
2016-07-28 20:08:47: * HTML REWRITE FOR PICTUREFILL
2016-07-28 20:08:47: 0/0 were replaced.
2016-07-28 20:08:54: * HTML REWRITE FOR PICTUREFILL
2016-07-28 20:08:54: 0/0 were replaced.
2016-07-28 22:11:52: * HTML REWRITE FOR PICTUREFILL
2016-07-28 22:12:27: * HTML REWRITE FOR PICTUREFILL
2016-07-28 22:18:09: * HTML REWRITE FOR PICTUREFILL
2016-07-28 22:21:22: * HTML REWRITE FOR PICTUREFILL
2016-07-28 22:22:25: * HTML REWRITE FOR PICTUREFILL
2016-07-28 22:25:44: * HTML REWRITE FOR PICTUREFILL
2016-07-28 22:26:54: * HTML REWRITE FOR PICTUREFILL
2016-07-28 22:30:41: * HTML REWRITE FOR PICTUREFILL
2016-07-28 22:31:16: * HTML REWRITE FOR PICTUREFILL
2016-07-28 22:31:47: * HTML REWRITE FOR PICTUREFILL
2016-07-28 22:31:51: * HTML REWRITE FOR PICTUREFILL
2016-07-28 22:34:14: * HTML REWRITE FOR PICTUREFILL
2016-07-28 22:34:28: * HTML REWRITE FOR PICTUREFILL
2016-07-28 22:34:37: * HTML REWRITE FOR PICTUREFILL
2016-07-28 22:35:11: * HTML REWRITE FOR PICTUREFILL
2016-07-28 22:35:14: * HTML REWRITE FOR PICTUREFILL
2016-07-28 22:35:23: * HTML REWRITE FOR PICTUREFILL
2016-07-28 22:35:29: * HTML REWRITE FOR PICTUREFILL
2016-07-28 22:37:09: * HTML REWRITE FOR PICTUREFILL
2016-07-28 22:39:34: * HTML REWRITE FOR PICTUREFILL
2016-07-28 22:39:40: * HTML REWRITE FOR PICTUREFILL
2016-07-28 22:40:08: * HTML REWRITE FOR PICTUREFILL
2016-07-28 22:43:13: * HTML REWRITE FOR PICTUREFILL
2016-07-28 22:43:25: * HTML REWRITE FOR PICTUREFILL
2016-07-28 22:44:01: * HTML REWRITE FOR PICTUREFILL
2016-07-28 22:44:23: * HTML REWRITE FOR PICTUREFILL
2016-07-28 22:44:50: * DELETE RETINA FOR ATTACHMENT '2014/09/ajc_blog_image_2.jpg'
2016-07-28 22:44:50: * GENERATE RETINA FOR ATTACHMENT '2014/09/ajc_blog_image_2.jpg'
2016-07-28 22:44:50: Full-Size is ajc_blog_image_2.jpg.
2016-07-28 22:44:50: Retina for thumbnail created: '/nas/content/live/bridgetown/wp-content/uploads/2014/09/ajc_blog_image_2-150x150@2x.jpg'.
2016-07-28 22:44:50: Retina for medium ignored (settings).
2016-07-28 22:44:50: Retina for medium_large ignored (settings).
2016-07-28 22:44:50: Retina for large ignored (settings).
2016-07-28 22:44:50: Retina for vibe-banner ignored (settings).
2016-07-28 22:44:50: Retina for hero-film ignored (settings).
2016-07-28 22:44:50: Retina for menu-tile ignored (settings).
2016-07-28 22:44:50: Retina for post-thumb ignored (settings).
2016-07-28 22:44:50: Retina for square-thumb ignored (settings).
2016-07-28 22:44:50: Retina for artwork-thumb ignored (settings).
2016-07-28 22:44:50: Retina for post-thumbnail ignored (settings).
2016-07-28 22:44:57: * HTML REWRITE FOR PICTUREFILL
2016-07-28 22:46:00: * HTML REWRITE FOR PICTUREFILL
2016-07-28 22:47:27: * HTML REWRITE FOR PICTUREFILL
2016-07-28 22:48:12: * DELETE RETINA FOR ATTACHMENT '2014/03/Levis_shoot_1301_PS1.jpg'
2016-07-28 22:48:12: * GENERATE RETINA FOR ATTACHMENT '2014/03/Levis_shoot_1301_PS1.jpg'
2016-07-28 22:48:12: Full-Size is Levis_shoot_1301_PS1.jpg.
2016-07-28 22:48:13: Retina for thumbnail created: '/nas/content/live/bridgetown/wp-content/uploads/2014/03/Levis_shoot_1301_PS1-150x150@2x.jpg'.
2016-07-28 22:48:13: Retina for medium ignored (settings).
2016-07-28 22:48:13: Retina for medium_large ignored (settings).
2016-07-28 22:48:13: Retina for large ignored (settings).
2016-07-28 22:48:13: Retina for vibe-banner ignored (settings).
2016-07-28 22:48:13: Retina for hero-film ignored (settings).
2016-07-28 22:48:13: Retina for menu-tile ignored (settings).
2016-07-28 22:48:13: Retina for post-thumb ignored (settings).
2016-07-28 22:48:13: Retina for square-thumb ignored (settings).
2016-07-28 22:48:13: Retina for artwork-thumb ignored (settings).
2016-07-28 22:48:13: Retina for post-thumbnail ignored (settings).
2016-07-28 22:49:19: * HTML REWRITE FOR PICTUREFILL
2016-07-28 22:53:11: * HTML REWRITE FOR PICTUREFILL
2016-07-28 22:55:02: * GENERATE RETINA FOR ATTACHMENT '2016/07/desk.jpeg'
2016-07-28 22:55:02: Full-Size is desk.jpeg.
2016-07-28 22:55:02: Retina for thumbnail created: '/nas/content/live/bridgetown/wp-content/uploads/2016/07/desk-150x150@2x.jpeg'.
2016-07-28 22:55:02: Retina for medium ignored (settings).
2016-07-28 22:55:02: Retina for medium_large ignored (settings).
2016-07-28 22:55:02: Retina for large ignored (settings).
2016-07-28 22:55:02: Retina for vibe-banner ignored (settings).
2016-07-28 22:55:02: Retina for hero-film ignored (settings).
2016-07-28 22:55:02: Retina for menu-tile ignored (settings).
2016-07-28 22:55:02: Retina for post-thumb ignored (settings).
2016-07-28 22:55:02: Retina for square-thumb ignored (settings).
2016-07-28 22:55:02: Retina for artwork-thumb ignored (settings).
2016-07-28 22:55:02: Retina for post-thumbnail ignored (settings).
2016-07-28 22:56:10: * HTML REWRITE FOR PICTUREFILL
2016-07-28 22:57:00: * HTML REWRITE FOR PICTUREFILL
2016-07-28 22:59:38: * HTML REWRITE FOR PICTUREFILL
2016-07-28 22:59:45: * HTML REWRITE FOR PICTUREFILL
2016-07-28 23:00:31: * HTML REWRITE FOR PICTUREFILL
2016-07-28 23:01:32: * HTML REWRITE FOR PICTUREFILL
2016-07-28 23:03:35: * HTML REWRITE FOR PICTUREFILL
2016-07-28 23:12:05: * HTML REWRITE FOR PICTUREFILL
2016-07-28 23:13:58: * HTML REWRITE FOR PICTUREFILL
2016-07-28 23:17:43: * HTML REWRITE FOR PICTUREFILL
2016-07-28 23:18:21: * HTML REWRITE FOR PICTUREFILL
2016-07-28 23:19:55: * HTML REWRITE FOR PICTUREFILL
2016-07-28 23:28:18: * HTML REWRITE FOR PICTUREFILL
2016-07-28 23:28:22: * HTML REWRITE FOR PICTUREFILL
2016-07-28 23:30:52: * HTML REWRITE FOR PICTUREFILL
2016-07-28 23:33:17: * HTML REWRITE FOR PICTUREFILL
2016-07-28 23:34:22: * HTML REWRITE FOR PICTUREFILL
2016-07-28 23:34:31: * HTML REWRITE FOR PICTUREFILL
2016-07-28 23:45:08: * HTML REWRITE FOR PICTUREFILL
2016-07-28 23:46:56: * HTML REWRITE FOR PICTUREFILL
2016-07-28 23:51:16: * HTML REWRITE FOR PICTUREFILL
2016-07-28 23:54:47: * HTML REWRITE FOR PICTUREFILL
2016-07-29 00:03:32: * HTML REWRITE FOR PICTUREFILL
2016-07-29 00:15:32: * HTML REWRITE FOR PICTUREFILL
2016-07-29 00:36:02: * HTML REWRITE FOR PICTUREFILL
2016-07-29 00:39:33: * HTML REWRITE FOR PICTUREFILL
2016-07-29 00:40:01: * HTML REWRITE FOR PICTUREFILL
2016-07-29 00:41:30: * HTML REWRITE FOR PICTUREFILL
2016-07-29 00:52:33: * HTML REWRITE FOR PICTUREFILL
2016-07-29 00:55:20: * HTML REWRITE FOR PICTUREFILL
2016-07-29 00:56:34: * HTML REWRITE FOR PICTUREFILL
2016-07-29 00:57:15: * HTML REWRITE FOR PICTUREFILL
2016-07-29 00:57:35: * HTML REWRITE FOR PICTUREFILL
2016-07-29 01:00:40: * HTML REWRITE FOR PICTUREFILL
2016-07-29 01:00:59: * HTML REWRITE FOR PICTUREFILL
2016-07-29 01:01:28: * HTML REWRITE FOR PICTUREFILL
2016-07-29 01:02:01: * HTML REWRITE FOR PICTUREFILL
2016-07-29 01:04:36: * HTML REWRITE FOR PICTUREFILL
2016-07-29 01:05:46: * HTML REWRITE FOR PICTUREFILL
2016-07-29 01:14:23: * HTML REWRITE FOR PICTUREFILL
2016-07-29 01:15:03: * HTML REWRITE FOR PICTUREFILL
2016-07-29 01:15:14: * HTML REWRITE FOR PICTUREFILL
2016-07-29 01:15:25: * HTML REWRITE FOR PICTUREFILL
2016-07-29 01:16:01: * HTML REWRITE FOR PICTUREFILL
2016-07-29 01:23:55: * HTML REWRITE FOR PICTUREFILL
2016-07-29 01:28:22: * HTML REWRITE FOR PICTUREFILL
2016-07-29 01:29:08: * HTML REWRITE FOR PICTUREFILL
2016-07-29 01:29:39: * HTML REWRITE FOR PICTUREFILL
2016-07-29 02:26:54: * HTML REWRITE FOR PICTUREFILL
2016-07-29 02:31:02: * HTML REWRITE FOR PICTUREFILL
2016-07-29 02:31:41: * HTML REWRITE FOR PICTUREFILL
2016-07-29 02:31:46: * HTML REWRITE FOR PICTUREFILL
2016-07-29 02:31:46: Retina file at '/nas/content/live/bridgetown/wp-content/uploads/2014/03/ajc_web_thumb-150x150@2x.jpg' does not exist.
2016-07-29 02:31:46: Retina file at '/nas/content/live/bridgetown/wp-content/uploads/2014/03/ajc_web_thumb-450x450@2x.jpg' does not exist.
2016-07-29 02:31:46: Retina file at '/nas/content/live/bridgetown/wp-content/uploads/2014/03/ajc_web_thumb-125x125@2x.jpg' does not exist.
2016-07-29 02:31:46: WP's srcset: 0 retina files added out of 3 image sizes
2016-07-29 02:32:01: * HTML REWRITE FOR PICTUREFILL
2016-07-29 02:32:13: * HTML REWRITE FOR PICTUREFILL
2016-07-29 02:32:30: * HTML REWRITE FOR PICTUREFILL
2016-07-29 02:32:41: * HTML REWRITE FOR PICTUREFILL
2016-07-29 02:33:08: * HTML REWRITE FOR PICTUREFILL
2016-07-29 02:33:25: * HTML REWRITE FOR PICTUREFILL
2016-07-29 03:13:24: * HTML REWRITE FOR PICTUREFILL
2016-07-29 03:52:31: * HTML REWRITE FOR PICTUREFILL
2016-07-29 03:52:38: * HTML REWRITE FOR PICTUREFILL
